# JRE version: OpenJDK Runtime Environment (8.0_242-b01) (build 1.8.0_242-release-1644-b01)
# Java VM: OpenJDK 64-Bit Server VM (25.242-b01 mixed mode windows-amd64 compressed oops)
Heap:
 PSYoungGen      total 411136K, used 159034K [0x00000000d5580000, 0x00000000f4300000, 0x0000000100000000)
  eden space 381440K, 37% used [0x00000000d5580000,0x00000000de2e0378,0x00000000eca00000)
  from space 29696K, 48% used [0x00000000eca00000,0x00000000ed7ee560,0x00000000ee700000)
  to   space 28672K, 0% used [0x00000000f2700000,0x00000000f2700000,0x00000000f4300000)
 ParOldGen       total 130560K, used 52179K [0x0000000080000000, 0x0000000087f80000, 0x00000000d5580000)
  object space 130560K, 39% used [0x0000000080000000,0x00000000832f4c88,0x0000000087f80000)
 Metaspace       used 77862K, capacity 82104K, committed 82216K, reserved 1120256K
  class space    used 10458K, capacity 11233K, committed 11312K, reserved 1048576K
GC Heap History (10 events):
Event: 6.622 GC heap before
{Heap before GC invocations=10 (full 2):
 PSYoungGen      total 255488K, used 240640K [0x00000000d5580000, 0x00000000e9880000, 0x0000000100000000)
  eden space 240640K, 100% used [0x00000000d5580000,0x00000000e4080000,0x00000000e4080000)
  from space 14848K, 0% used [0x00000000e4080000,0x00000000e4080000,0x00000000e4f00000)
  to   space 14336K, 0% used [0x00000000e8a80000,0x00000000e8a80000,0x00000000e9880000)
 ParOldGen       total 90112K, used 15939K [0x0000000080000000, 0x0000000085800000, 0x00000000d5580000)
  object space 90112K, 17% used [0x0000000080000000,0x0000000080f90ce8,0x0000000085800000)
 Metaspace       used 54704K, capacity 56766K, committed 56872K, reserved 1097728K
  class space    used 7457K, capacity 7948K, committed 7984K, reserved 1048576K
Event: 6.646 GC heap after
Heap after GC invocations=10 (full 2):
 PSYoungGen      total 308224K, used 14316K [0x00000000d5580000, 0x00000000ecf80000, 0x0000000100000000)
  eden space 293888K, 0% used [0x00000000d5580000,0x00000000d5580000,0x00000000e7480000)
  from space 14336K, 99% used [0x00000000e8a80000,0x00000000e987b330,0x00000000e9880000)
  to   space 22528K, 0% used [0x00000000e7480000,0x00000000e7480000,0x00000000e8a80000)
 ParOldGen       total 90112K, used 30116K [0x0000000080000000, 0x0000000085800000, 0x00000000d5580000)
  object space 90112K, 33% used [0x0000000080000000,0x0000000081d69000,0x0000000085800000)
 Metaspace       used 54704K, capacity 56766K, committed 56872K, reserved 1097728K
  class space    used 7457K, capacity 7948K, committed 7984K, reserved 1048576K
}
Event: 6.862 GC heap before
{Heap before GC invocations=11 (full 2):
 PSYoungGen      total 308224K, used 44288K [0x00000000d5580000, 0x00000000ecf80000, 0x0000000100000000)
  eden space 293888K, 10% used [0x00000000d5580000,0x00000000d72c4f40,0x00000000e7480000)
  from space 14336K, 99% used [0x00000000e8a80000,0x00000000e987b330,0x00000000e9880000)
  to   space 22528K, 0% used [0x00000000e7480000,0x00000000e7480000,0x00000000e8a80000)
 ParOldGen       total 90112K, used 30116K [0x0000000080000000, 0x0000000085800000, 0x00000000d5580000)
  object space 90112K, 33% used [0x0000000080000000,0x0000000081d69000,0x0000000085800000)
 Metaspace       used 56971K, capacity 59040K, committed 59160K, reserved 1099776K
  class space    used 7803K, capacity 8285K, committed 8368K, reserved 1048576K
Event: 6.878 GC heap after
Heap after GC invocations=11 (full 2):
 PSYoungGen      total 316416K, used 16900K [0x00000000d5580000, 0x00000000f0400000, 0x0000000100000000)
  eden space 293888K, 0% used [0x00000000d5580000,0x00000000d5580000,0x00000000e7480000)
  from space 22528K, 75% used [0x00000000e7480000,0x00000000e8501360,0x00000000e8a80000)
  to   space 24064K, 0% used [0x00000000eec80000,0x00000000eec80000,0x00000000f0400000)
 ParOldGen       total 90112K, used 30124K [0x0000000080000000, 0x0000000085800000, 0x00000000d5580000)
  object space 90112K, 33% used [0x0000000080000000,0x0000000081d6b000,0x0000000085800000)
 Metaspace       used 56971K, capacity 59040K, committed 59160K, reserved 1099776K
  class space    used 7803K, capacity 8285K, committed 8368K, reserved 1048576K
}
Event: 6.878 GC heap before
{Heap before GC invocations=12 (full 3):
 PSYoungGen      total 316416K, used 16900K [0x00000000d5580000, 0x00000000f0400000, 0x0000000100000000)
  eden space 293888K, 0% used [0x00000000d5580000,0x00000000d5580000,0x00000000e7480000)
  from space 22528K, 75% used [0x00000000e7480000,0x00000000e8501360,0x00000000e8a80000)
  to   space 24064K, 0% used [0x00000000eec80000,0x00000000eec80000,0x00000000f0400000)
 ParOldGen       total 90112K, used 30124K [0x0000000080000000, 0x0000000085800000, 0x00000000d5580000)
  object space 90112K, 33% used [0x0000000080000000,0x0000000081d6b000,0x0000000085800000)
 Metaspace       used 56971K, capacity 59040K, committed 59160K, reserved 1099776K
  class space    used 7803K, capacity 8285K, committed 8368K, reserved 1048576K
Event: 7.036 GC heap after
Heap after GC invocations=12 (full 3):
 PSYoungGen      total 316416K, used 0K [0x00000000d5580000, 0x00000000f0400000, 0x0000000100000000)
  eden space 293888K, 0% used [0x00000000d5580000,0x00000000d5580000,0x00000000e7480000)
  from space 22528K, 0% used [0x00000000e7480000,0x00000000e7480000,0x00000000e8a80000)
  to   space 24064K, 0% used [0x00000000eec80000,0x00000000eec80000,0x00000000f0400000)
 ParOldGen       total 130560K, used 29763K [0x0000000080000000, 0x0000000087f80000, 0x00000000d5580000)
  object space 130560K, 22% used [0x0000000080000000,0x0000000081d10d28,0x0000000087f80000)
 Metaspace       used 56940K, capacity 58932K, committed 59160K, reserved 1099776K
  class space    used 7794K, capacity 8267K, committed 8368K, reserved 1048576K
}
Event: 9.579 GC heap before
{Heap before GC invocations=13 (full 3):
 PSYoungGen      total 316416K, used 293888K [0x00000000d5580000, 0x00000000f0400000, 0x0000000100000000)
  eden space 293888K, 100% used [0x00000000d5580000,0x00000000e7480000,0x00000000e7480000)
  from space 22528K, 0% used [0x00000000e7480000,0x00000000e7480000,0x00000000e8a80000)
  to   space 24064K, 0% used [0x00000000eec80000,0x00000000eec80000,0x00000000f0400000)
 ParOldGen       total 130560K, used 29763K [0x0000000080000000, 0x0000000087f80000, 0x00000000d5580000)
  object space 130560K, 22% used [0x0000000080000000,0x0000000081d10d28,0x0000000087f80000)
 Metaspace       used 64298K, capacity 68052K, committed 68264K, reserved 1107968K
  class space    used 8868K, capacity 9575K, committed 9648K, reserved 1048576K
Event: 9.601 GC heap after
Heap after GC invocations=13 (full 3):
 PSYoungGen      total 391680K, used 24040K [0x00000000d5580000, 0x00000000f0400000, 0x0000000100000000)
  eden space 367616K, 0% used [0x00000000d5580000,0x00000000d5580000,0x00000000ebc80000)
  from space 24064K, 99% used [0x00000000eec80000,0x00000000f03fa110,0x00000000f0400000)
  to   space 29696K, 0% used [0x00000000eca00000,0x00000000eca00000,0x00000000ee700000)
 ParOldGen       total 130560K, used 36127K [0x0000000080000000, 0x0000000087f80000, 0x00000000d5580000)
  object space 130560K, 27% used [0x0000000080000000,0x0000000082347f98,0x0000000087f80000)
 Metaspace       used 64298K, capacity 68052K, committed 68264K, reserved 1107968K
  class space    used 8868K, capacity 9575K, committed 9648K, reserved 1048576K
}
Event: 14.290 GC heap before
{Heap before GC invocations=14 (full 3):
 PSYoungGen      total 391680K, used 391656K [0x00000000d5580000, 0x00000000f0400000, 0x0000000100000000)
  eden space 367616K, 100% used [0x00000000d5580000,0x00000000ebc80000,0x00000000ebc80000)
  from space 24064K, 99% used [0x00000000eec80000,0x00000000f03fa110,0x00000000f0400000)
  to   space 29696K, 0% used [0x00000000eca00000,0x00000000eca00000,0x00000000ee700000)
 ParOldGen       total 130560K, used 36127K [0x0000000080000000, 0x0000000087f80000, 0x00000000d5580000)
  object space 130560K, 27% used [0x0000000080000000,0x0000000082347f98,0x0000000087f80000)
 Metaspace       used 70850K, capacity 74830K, committed 74920K, reserved 1114112K
  class space    used 9621K, capacity 10370K, committed 10416K, reserved 1048576K
Event: 14.317 GC heap after
Heap after GC invocations=14 (full 3):
 PSYoungGen      total 411136K, used 14265K [0x00000000d5580000, 0x00000000f4300000, 0x0000000100000000)
  eden space 381440K, 0% used [0x00000000d5580000,0x00000000d5580000,0x00000000eca00000)
  from space 29696K, 48% used [0x00000000eca00000,0x00000000ed7ee560,0x00000000ee700000)
  to   space 28672K, 0% used [0x00000000f2700000,0x00000000f2700000,0x00000000f4300000)
 ParOldGen       total 130560K, used 52179K [0x0000000080000000, 0x0000000087f80000, 0x00000000d5580000)
  object space 130560K, 39% used [0x0000000080000000,0x00000000832f4c88,0x0000000087f80000)
 Metaspace       used 70850K, capacity 74830K, committed 74920K, reserved 1114112K
  class space    used 9621K, capacity 10370K, committed 10416K, reserved 1048576K
}

