# JRE version: OpenJDK Runtime Environment (8.0_242-b01) (build 1.8.0_242-release-1644-b01)
# Java VM: OpenJDK 64-Bit Server VM (25.242-b01 mixed mode windows-amd64 compressed oops)
Heap:
 PSYoungGen      total 286720K, used 139277K [0x00000000d5580000, 0x00000000e9900000, 0x0000000100000000)
  eden space 267776K, 45% used [0x00000000d5580000,0x00000000dcb78b20,0x00000000e5b00000)
  from space 18944K, 97% used [0x00000000e6500000,0x00000000e770a9d0,0x00000000e7780000)
  to   space 31744K, 0% used [0x00000000e7a00000,0x00000000e7a00000,0x00000000e9900000)
 ParOldGen       total 133632K, used 66424K [0x0000000080000000, 0x0000000088280000, 0x00000000d5580000)
  object space 133632K, 49% used [0x0000000080000000,0x00000000840de320,0x0000000088280000)
 Metaspace       used 88491K, capacity 94070K, committed 94208K, reserved 1130496K
  class space    used 11892K, capacity 12962K, committed 13056K, reserved 1048576K
GC Heap History (10 events):
Event: 5.973 GC heap before
{Heap before GC invocations=12 (full 2):
 PSYoungGen      total 206336K, used 133215K [0x00000000d5580000, 0x00000000e6980000, 0x0000000100000000)
  eden space 192000K, 61% used [0x00000000d5580000,0x00000000dc99bb50,0x00000000e1100000)
  from space 14336K, 99% used [0x00000000e1100000,0x00000000e1efc318,0x00000000e1f00000)
  to   space 18432K, 0% used [0x00000000e5780000,0x00000000e5780000,0x00000000e6980000)
 ParOldGen       total 88064K, used 22845K [0x0000000080000000, 0x0000000085600000, 0x00000000d5580000)
  object space 88064K, 25% used [0x0000000080000000,0x000000008164f6e0,0x0000000085600000)
 Metaspace       used 56777K, capacity 58974K, committed 59096K, reserved 1099776K
  class space    used 7747K, capacity 8258K, committed 8320K, reserved 1048576K
Event: 5.986 GC heap after
Heap after GC invocations=12 (full 2):
 PSYoungGen      total 260608K, used 18414K [0x00000000d5580000, 0x00000000e7000000, 0x0000000100000000)
  eden space 242176K, 0% used [0x00000000d5580000,0x00000000d5580000,0x00000000e4200000)
  from space 18432K, 99% used [0x00000000e5780000,0x00000000e697bbb8,0x00000000e6980000)
  to   space 22016K, 0% used [0x00000000e4200000,0x00000000e4200000,0x00000000e5780000)
 ParOldGen       total 88064K, used 25275K [0x0000000080000000, 0x0000000085600000, 0x00000000d5580000)
  object space 88064K, 28% used [0x0000000080000000,0x00000000818aede0,0x0000000085600000)
 Metaspace       used 56777K, capacity 58974K, committed 59096K, reserved 1099776K
  class space    used 7747K, capacity 8258K, committed 8320K, reserved 1048576K
}
Event: 5.986 GC heap before
{Heap before GC invocations=13 (full 3):
 PSYoungGen      total 260608K, used 18414K [0x00000000d5580000, 0x00000000e7000000, 0x0000000100000000)
  eden space 242176K, 0% used [0x00000000d5580000,0x00000000d5580000,0x00000000e4200000)
  from space 18432K, 99% used [0x00000000e5780000,0x00000000e697bbb8,0x00000000e6980000)
  to   space 22016K, 0% used [0x00000000e4200000,0x00000000e4200000,0x00000000e5780000)
 ParOldGen       total 88064K, used 25275K [0x0000000080000000, 0x0000000085600000, 0x00000000d5580000)
  object space 88064K, 28% used [0x0000000080000000,0x00000000818aede0,0x0000000085600000)
 Metaspace       used 56777K, capacity 58974K, committed 59096K, reserved 1099776K
  class space    used 7747K, capacity 8258K, committed 8320K, reserved 1048576K
Event: 6.134 GC heap after
Heap after GC invocations=13 (full 3):
 PSYoungGen      total 260608K, used 0K [0x00000000d5580000, 0x00000000e7000000, 0x0000000100000000)
  eden space 242176K, 0% used [0x00000000d5580000,0x00000000d5580000,0x00000000e4200000)
  from space 18432K, 0% used [0x00000000e5780000,0x00000000e5780000,0x00000000e6980000)
  to   space 22016K, 0% used [0x00000000e4200000,0x00000000e4200000,0x00000000e5780000)
 ParOldGen       total 133632K, used 35267K [0x0000000080000000, 0x0000000088280000, 0x00000000d5580000)
  object space 133632K, 26% used [0x0000000080000000,0x0000000082270c30,0x0000000088280000)
 Metaspace       used 56718K, capacity 58776K, committed 59096K, reserved 1099776K
  class space    used 7729K, capacity 8225K, committed 8320K, reserved 1048576K
}
Event: 7.796 GC heap before
{Heap before GC invocations=14 (full 3):
 PSYoungGen      total 260608K, used 242176K [0x00000000d5580000, 0x00000000e7000000, 0x0000000100000000)
  eden space 242176K, 100% used [0x00000000d5580000,0x00000000e4200000,0x00000000e4200000)
  from space 18432K, 0% used [0x00000000e5780000,0x00000000e5780000,0x00000000e6980000)
  to   space 22016K, 0% used [0x00000000e4200000,0x00000000e4200000,0x00000000e5780000)
 ParOldGen       total 133632K, used 35267K [0x0000000080000000, 0x0000000088280000, 0x00000000d5580000)
  object space 133632K, 26% used [0x0000000080000000,0x0000000082270c30,0x0000000088280000)
 Metaspace       used 69974K, capacity 73588K, committed 73728K, reserved 1112064K
  class space    used 9755K, capacity 10447K, committed 10496K, reserved 1048576K
Event: 7.811 GC heap after
Heap after GC invocations=14 (full 3):
 PSYoungGen      total 264192K, used 21939K [0x00000000d5580000, 0x00000000e9e00000, 0x0000000100000000)
  eden space 242176K, 0% used [0x00000000d5580000,0x00000000d5580000,0x00000000e4200000)
  from space 22016K, 99% used [0x00000000e4200000,0x00000000e576cf28,0x00000000e5780000)
  to   space 25088K, 0% used [0x00000000e8580000,0x00000000e8580000,0x00000000e9e00000)
 ParOldGen       total 133632K, used 35275K [0x0000000080000000, 0x0000000088280000, 0x00000000d5580000)
  object space 133632K, 26% used [0x0000000080000000,0x0000000082272c30,0x0000000088280000)
 Metaspace       used 69974K, capacity 73588K, committed 73728K, reserved 1112064K
  class space    used 9755K, capacity 10447K, committed 10496K, reserved 1048576K
}
Event: 232.260 GC heap before
{Heap before GC invocations=15 (full 3):
 PSYoungGen      total 264192K, used 264115K [0x00000000d5580000, 0x00000000e9e00000, 0x0000000100000000)
  eden space 242176K, 100% used [0x00000000d5580000,0x00000000e4200000,0x00000000e4200000)
  from space 22016K, 99% used [0x00000000e4200000,0x00000000e576cf28,0x00000000e5780000)
  to   space 25088K, 0% used [0x00000000e8580000,0x00000000e8580000,0x00000000e9e00000)
 ParOldGen       total 133632K, used 35275K [0x0000000080000000, 0x0000000088280000, 0x00000000d5580000)
  object space 133632K, 26% used [0x0000000080000000,0x0000000082272c30,0x0000000088280000)
 Metaspace       used 80268K, capacity 84868K, committed 84992K, reserved 1122304K
  class space    used 10829K, capacity 11718K, committed 11776K, reserved 1048576K
Event: 232.284 GC heap after
Heap after GC invocations=15 (full 3):
 PSYoungGen      total 303104K, used 25081K [0x00000000d5580000, 0x00000000ea300000, 0x0000000100000000)
  eden space 278016K, 0% used [0x00000000d5580000,0x00000000d5580000,0x00000000e6500000)
  from space 25088K, 99% used [0x00000000e8580000,0x00000000e9dfe7b8,0x00000000e9e00000)
  to   space 31744K, 0% used [0x00000000e6500000,0x00000000e6500000,0x00000000e8400000)
 ParOldGen       total 133632K, used 42734K [0x0000000080000000, 0x0000000088280000, 0x00000000d5580000)
  object space 133632K, 31% used [0x0000000080000000,0x00000000829bb878,0x0000000088280000)
 Metaspace       used 80268K, capacity 84868K, committed 84992K, reserved 1122304K
  class space    used 10829K, capacity 11718K, committed 11776K, reserved 1048576K
}
Event: 582.724 GC heap before
{Heap before GC invocations=16 (full 3):
 PSYoungGen      total 303104K, used 303097K [0x00000000d5580000, 0x00000000ea300000, 0x0000000100000000)
  eden space 278016K, 100% used [0x00000000d5580000,0x00000000e6500000,0x00000000e6500000)
  from space 25088K, 99% used [0x00000000e8580000,0x00000000e9dfe7b8,0x00000000e9e00000)
  to   space 31744K, 0% used [0x00000000e6500000,0x00000000e6500000,0x00000000e8400000)
 ParOldGen       total 133632K, used 42734K [0x0000000080000000, 0x0000000088280000, 0x00000000d5580000)
  object space 133632K, 31% used [0x0000000080000000,0x00000000829bb878,0x0000000088280000)
 Metaspace       used 87162K, capacity 92642K, committed 92672K, reserved 1128448K
  class space    used 11742K, capacity 12798K, committed 12800K, reserved 1048576K
Event: 582.754 GC heap after
Heap after GC invocations=16 (full 3):
 PSYoungGen      total 286720K, used 18474K [0x00000000d5580000, 0x00000000e9900000, 0x0000000100000000)
  eden space 267776K, 0% used [0x00000000d5580000,0x00000000d5580000,0x00000000e5b00000)
  from space 18944K, 97% used [0x00000000e6500000,0x00000000e770a9d0,0x00000000e7780000)
  to   space 31744K, 0% used [0x00000000e7a00000,0x00000000e7a00000,0x00000000e9900000)
 ParOldGen       total 133632K, used 66424K [0x0000000080000000, 0x0000000088280000, 0x00000000d5580000)
  object space 133632K, 49% used [0x0000000080000000,0x00000000840de320,0x0000000088280000)
 Metaspace       used 87162K, capacity 92642K, committed 92672K, reserved 1128448K
  class space    used 11742K, capacity 12798K, committed 12800K, reserved 1048576K
}

