# JRE version: OpenJDK Runtime Environment (8.0_242-b01) (build 1.8.0_242-release-1644-b01)
# Java VM: OpenJDK 64-Bit Server VM (25.242-b01 mixed mode windows-amd64 compressed oops)
Heap:
 PSYoungGen      total 508416K, used 450730K [0x00000000d5580000, 0x00000000fda80000, 0x0000000100000000)
  eden space 463872K, 92% used [0x00000000d5580000,0x00000000efa481f0,0x00000000f1a80000)
  from space 44544K, 44% used [0x00000000f1a80000,0x00000000f2de28d8,0x00000000f4600000)
  to   space 42496K, 0% used [0x00000000fb100000,0x00000000fb100000,0x00000000fda80000)
 ParOldGen       total 129536K, used 77736K [0x0000000080000000, 0x0000000087e80000, 0x00000000d5580000)
  object space 129536K, 60% used [0x0000000080000000,0x0000000084bea378,0x0000000087e80000)
 Metaspace       used 86783K, capacity 93612K, committed 93736K, reserved 1130496K
  class space    used 11919K, capacity 13079K, committed 13104K, reserved 1048576K
GC Heap History (10 events):
Event: 6.022 GC heap before
{Heap before GC invocations=12 (full 3):
 PSYoungGen      total 330752K, used 17769K [0x00000000d5580000, 0x00000000f1380000, 0x0000000100000000)
  eden space 308224K, 0% used [0x00000000d5580000,0x00000000d5580000,0x00000000e8280000)
  from space 22528K, 78% used [0x00000000e8280000,0x00000000e93da568,0x00000000e9880000)
  to   space 24064K, 0% used [0x00000000efc00000,0x00000000efc00000,0x00000000f1380000)
 ParOldGen       total 88064K, used 29264K [0x0000000080000000, 0x0000000085600000, 0x00000000d5580000)
  object space 88064K, 33% used [0x0000000080000000,0x0000000081c943b8,0x0000000085600000)
 Metaspace       used 57062K, capacity 59082K, committed 59160K, reserved 1099776K
  class space    used 7827K, capacity 8330K, committed 8368K, reserved 1048576K
Event: 6.175 GC heap after
Heap after GC invocations=12 (full 3):
 PSYoungGen      total 330752K, used 0K [0x00000000d5580000, 0x00000000f1380000, 0x0000000100000000)
  eden space 308224K, 0% used [0x00000000d5580000,0x00000000d5580000,0x00000000e8280000)
  from space 22528K, 0% used [0x00000000e8280000,0x00000000e8280000,0x00000000e9880000)
  to   space 24064K, 0% used [0x00000000efc00000,0x00000000efc00000,0x00000000f1380000)
 ParOldGen       total 129536K, used 30107K [0x0000000080000000, 0x0000000087e80000, 0x00000000d5580000)
  object space 129536K, 23% used [0x0000000080000000,0x0000000081d66fa0,0x0000000087e80000)
 Metaspace       used 57008K, capacity 58896K, committed 59160K, reserved 1099776K
  class space    used 7810K, capacity 8299K, committed 8368K, reserved 1048576K
}
Event: 9.444 GC heap before
{Heap before GC invocations=13 (full 3):
 PSYoungGen      total 330752K, used 308224K [0x00000000d5580000, 0x00000000f1380000, 0x0000000100000000)
  eden space 308224K, 100% used [0x00000000d5580000,0x00000000e8280000,0x00000000e8280000)
  from space 22528K, 0% used [0x00000000e8280000,0x00000000e8280000,0x00000000e9880000)
  to   space 24064K, 0% used [0x00000000efc00000,0x00000000efc00000,0x00000000f1380000)
 ParOldGen       total 129536K, used 30107K [0x0000000080000000, 0x0000000087e80000, 0x00000000d5580000)
  object space 129536K, 23% used [0x0000000080000000,0x0000000081d66fa0,0x0000000087e80000)
 Metaspace       used 67000K, capacity 70974K, committed 71336K, reserved 1110016K
  class space    used 9296K, capacity 10034K, committed 10160K, reserved 1048576K
Event: 9.459 GC heap after
Heap after GC invocations=13 (full 3):
 PSYoungGen      total 400384K, used 23053K [0x00000000d5580000, 0x00000000f1300000, 0x0000000100000000)
  eden space 376832K, 0% used [0x00000000d5580000,0x00000000d5580000,0x00000000ec580000)
  from space 23552K, 97% used [0x00000000efc00000,0x00000000f12834d8,0x00000000f1300000)
  to   space 27136K, 0% used [0x00000000ede00000,0x00000000ede00000,0x00000000ef880000)
 ParOldGen       total 129536K, used 30115K [0x0000000080000000, 0x0000000087e80000, 0x00000000d5580000)
  object space 129536K, 23% used [0x0000000080000000,0x0000000081d68fa0,0x0000000087e80000)
 Metaspace       used 67000K, capacity 70974K, committed 71336K, reserved 1110016K
  class space    used 9296K, capacity 10034K, committed 10160K, reserved 1048576K
}
Event: 11.128 GC heap before
{Heap before GC invocations=14 (full 3):
 PSYoungGen      total 400384K, used 399885K [0x00000000d5580000, 0x00000000f1300000, 0x0000000100000000)
  eden space 376832K, 100% used [0x00000000d5580000,0x00000000ec580000,0x00000000ec580000)
  from space 23552K, 97% used [0x00000000efc00000,0x00000000f12834d8,0x00000000f1300000)
  to   space 27136K, 0% used [0x00000000ede00000,0x00000000ede00000,0x00000000ef880000)
 ParOldGen       total 129536K, used 30115K [0x0000000080000000, 0x0000000087e80000, 0x00000000d5580000)
  object space 129536K, 23% used [0x0000000080000000,0x0000000081d68fa0,0x0000000087e80000)
 Metaspace       used 82220K, capacity 88542K, committed 88616K, reserved 1126400K
  class space    used 11437K, capacity 12570K, committed 12592K, reserved 1048576K
Event: 11.171 GC heap after
Heap after GC invocations=14 (full 3):
 PSYoungGen      total 429056K, used 27129K [0x00000000d5580000, 0x00000000f7100000, 0x0000000100000000)
  eden space 401920K, 0% used [0x00000000d5580000,0x00000000d5580000,0x00000000ede00000)
  from space 27136K, 99% used [0x00000000ede00000,0x00000000ef87e560,0x00000000ef880000)
  to   space 44032K, 0% used [0x00000000f4600000,0x00000000f4600000,0x00000000f7100000)
 ParOldGen       total 129536K, used 64161K [0x0000000080000000, 0x0000000087e80000, 0x00000000d5580000)
  object space 129536K, 49% used [0x0000000080000000,0x0000000083ea8788,0x0000000087e80000)
 Metaspace       used 82220K, capacity 88542K, committed 88616K, reserved 1126400K
  class space    used 11437K, capacity 12570K, committed 12592K, reserved 1048576K
}
Event: 12.058 GC heap before
{Heap before GC invocations=15 (full 3):
 PSYoungGen      total 429056K, used 429049K [0x00000000d5580000, 0x00000000f7100000, 0x0000000100000000)
  eden space 401920K, 100% used [0x00000000d5580000,0x00000000ede00000,0x00000000ede00000)
  from space 27136K, 99% used [0x00000000ede00000,0x00000000ef87e560,0x00000000ef880000)
  to   space 44032K, 0% used [0x00000000f4600000,0x00000000f4600000,0x00000000f7100000)
 ParOldGen       total 129536K, used 64161K [0x0000000080000000, 0x0000000087e80000, 0x00000000d5580000)
  object space 129536K, 49% used [0x0000000080000000,0x0000000083ea8788,0x0000000087e80000)
 Metaspace       used 85469K, capacity 92234K, committed 92456K, reserved 1128448K
  class space    used 11911K, capacity 13070K, committed 13104K, reserved 1048576K
Event: 12.086 GC heap after
Heap after GC invocations=15 (full 3):
 PSYoungGen      total 507904K, used 26750K [0x00000000d5580000, 0x00000000f9680000, 0x0000000100000000)
  eden space 463872K, 0% used [0x00000000d5580000,0x00000000d5580000,0x00000000f1a80000)
  from space 44032K, 60% used [0x00000000f4600000,0x00000000f601fb28,0x00000000f7100000)
  to   space 44544K, 0% used [0x00000000f1a80000,0x00000000f1a80000,0x00000000f4600000)
 ParOldGen       total 129536K, used 77728K [0x0000000080000000, 0x0000000087e80000, 0x00000000d5580000)
  object space 129536K, 60% used [0x0000000080000000,0x0000000084be8378,0x0000000087e80000)
 Metaspace       used 85469K, capacity 92234K, committed 92456K, reserved 1128448K
  class space    used 11911K, capacity 13070K, committed 13104K, reserved 1048576K
}
Event: 12.967 GC heap before
{Heap before GC invocations=16 (full 3):
 PSYoungGen      total 507904K, used 490622K [0x00000000d5580000, 0x00000000f9680000, 0x0000000100000000)
  eden space 463872K, 100% used [0x00000000d5580000,0x00000000f1a80000,0x00000000f1a80000)
  from space 44032K, 60% used [0x00000000f4600000,0x00000000f601fb28,0x00000000f7100000)
  to   space 44544K, 0% used [0x00000000f1a80000,0x00000000f1a80000,0x00000000f4600000)
 ParOldGen       total 129536K, used 77728K [0x0000000080000000, 0x0000000087e80000, 0x00000000d5580000)
  object space 129536K, 60% used [0x0000000080000000,0x0000000084be8378,0x0000000087e80000)
 Metaspace       used 85730K, capacity 92460K, committed 92712K, reserved 1128448K
  class space    used 11919K, capacity 13079K, committed 13104K, reserved 1048576K
Event: 12.983 GC heap after
Heap after GC invocations=16 (full 3):
 PSYoungGen      total 508416K, used 19850K [0x00000000d5580000, 0x00000000fda80000, 0x0000000100000000)
  eden space 463872K, 0% used [0x00000000d5580000,0x00000000d5580000,0x00000000f1a80000)
  from space 44544K, 44% used [0x00000000f1a80000,0x00000000f2de28d8,0x00000000f4600000)
  to   space 42496K, 0% used [0x00000000fb100000,0x00000000fb100000,0x00000000fda80000)
 ParOldGen       total 129536K, used 77736K [0x0000000080000000, 0x0000000087e80000, 0x00000000d5580000)
  object space 129536K, 60% used [0x0000000080000000,0x0000000084bea378,0x0000000087e80000)
 Metaspace       used 85730K, capacity 92460K, committed 92712K, reserved 1128448K
  class space    used 11919K, capacity 13079K, committed 13104K, reserved 1048576K
}

